2012-08-20 17:22:37,686 [5] NHibernate.Cfg.Environment..cctor(:0) - NHibernate 3.3.1.4000 (3.3.1.4000)

2012-08-20 17:22:37,730 [5] NHibernate.Cfg.Environment.LoadGlobalPropertiesFromAppConfig(:0) - hibernate-configuration section not found in application configuration file

2012-08-20 17:22:37,732 [5] NHibernate.Cfg.Environment.BuildBytecodeProvider(:0) - Bytecode provider name : lcg

2012-08-20 17:22:37,735 [5] NHibernate.Cfg.Environment.get_Properties(:0) - Using reflection optimizer

2012-08-20 17:22:37,822 [5] NHibernate.Cfg.Configuration.AddProperties(:0) - connection.connection_string=Data Source=.;Initial Catalog=SharpRestFulie;Integrated Security=True;Application Name=SharpRestFulie;

2012-08-20 17:22:37,823 [5] NHibernate.Cfg.Configuration.AddProperties(:0) - dialect=NHibernate.Dialect.MsSql2008Dialect

2012-08-20 17:22:37,823 [5] NHibernate.Cfg.Configuration.AddProperties(:0) - connection.provider=NHibernate.Connection.DriverConnectionProvider

2012-08-20 17:22:37,823 [5] NHibernate.Cfg.Configuration.AddProperties(:0) - connection.driver_class=NHibernate.Driver.SqlClientDriver

2012-08-20 17:22:37,823 [5] NHibernate.Cfg.Configuration.AddProperties(:0) - show_sql=true

2012-08-20 17:22:37,823 [5] NHibernate.Cfg.Configuration.AddProperties(:0) - connection.release_mode=auto

2012-08-20 17:22:37,824 [5] NHibernate.Cfg.Configuration.AddProperties(:0) - adonet.batch_size=500

2012-08-20 17:22:37,825 [5] NHibernate.Cfg.Configuration.DoConfigure(:0) - properties: System.Collections.Generic.Dictionary`2[System.String,System.String]

2012-08-20 17:22:37,844 [5] NHibernate.Cfg.Configuration.AddAssembly(:0) - No mapped documents found in assembly: SharpRestFulie.Infrastructure, Version=1.0.0.0, Culture=neutral, PublicKeyToken=null

2012-08-20 17:22:38,201 [5] NHibernate.Cfg.Configuration.AddDocument(:0) - Mapping XML:
<hibernate-mapping xmlns="urn:nhibernate-mapping-2.2"><class xmlns="urn:nhibernate-mapping-2.2" name="SharpRestFulie.Domain.MyEntity1, SharpRestFulie.Domain, Version=1.0.0.0, Culture=neutral, PublicKeyToken=null" table="MyEntity1s"><id name="Id" type="System.Int32, mscorlib, Version=4.0.0.0, Culture=neutral, PublicKeyToken=b77a5c561934e089"><column name="MyEntity1Id" /><generator class="identity" /></id></class></hibernate-mapping>

2012-08-20 17:22:38,431 [5] NHibernate.Dialect.Dialect..ctor(:0) - Using dialect: NHibernate.Dialect.MsSql2008Dialect

2012-08-20 17:22:38,541 [5] NHibernate.Cfg.XmlHbmBinding.RootClassBinder.Bind(:0) - Mapping class: SharpRestFulie.Domain.MyEntity1 -> MyEntity1s

2012-08-20 17:22:38,594 [5] NHibernate.Cfg.XmlHbmBinding.ClassIdBinder.BindId(:0) - Mapped property: Id -> MyEntity1Id, type: Int32

2012-08-20 17:22:38,633 [5] NHibernate.Cfg.Configuration.SecondPassCompile(:0) - checking mappings queue

2012-08-20 17:22:38,634 [5] NHibernate.Cfg.Configuration.SecondPassCompile(:0) - processing one-to-many association mappings

2012-08-20 17:22:38,634 [5] NHibernate.Cfg.Configuration.SecondPassCompile(:0) - processing one-to-one association property references

2012-08-20 17:22:38,634 [5] NHibernate.Cfg.Configuration.SecondPassCompile(:0) - processing foreign key constraints

2012-08-20 17:22:38,637 [5] NHibernate.Cfg.Configuration.SecondPassCompile(:0) - processing filters (second pass)

2012-08-20 17:22:38,670 [5] NHibernate.Dialect.Dialect..ctor(:0) - Using dialect: NHibernate.Dialect.MsSql2008Dialect

2012-08-20 17:22:38,685 [5] NHibernate.Dialect.Dialect..ctor(:0) - Using dialect: NHibernate.Dialect.MsSql2008Dialect

2012-08-20 17:22:38,760 [5] NHibernate.Exceptions.SQLExceptionConverterFactory.BuildSQLExceptionConverter(:0) - Using dialect defined converter

2012-08-20 17:22:38,760 [5] NHibernate.Cfg.SettingsFactory.BuildSettings(:0) - Generate SQL with comments: disabled

2012-08-20 17:22:38,763 [5] NHibernate.Connection.ConnectionProviderFactory.NewConnectionProvider(:0) - Initializing connection provider: NHibernate.Connection.DriverConnectionProvider

2012-08-20 17:22:38,765 [5] NHibernate.Connection.ConnectionProvider.Configure(:0) - Configuring ConnectionProvider

2012-08-20 17:22:38,769 [5] NHibernate.Cfg.SettingsFactory.CreateTransactionFactory(:0) - Transaction factory: NHibernate.Transaction.AdoNetWithDistributedTransactionFactory

2012-08-20 17:22:38,769 [5] NHibernate.Cfg.SettingsFactory.BuildSettings(:0) - Optimize cache for minimal puts: False

2012-08-20 17:22:38,770 [5] NHibernate.Cfg.SettingsFactory.BuildSettings(:0) - Connection release mode: auto

2012-08-20 17:22:38,770 [5] NHibernate.Cfg.SettingsFactory.BuildSettings(:0) - Default batch fetch size: 1

2012-08-20 17:22:38,770 [5] NHibernate.Cfg.SettingsFactory.BuildSettings(:0) - echoing all SQL to stdout

2012-08-20 17:22:38,770 [5] NHibernate.Cfg.SettingsFactory.BuildSettings(:0) - Statistics: disabled

2012-08-20 17:22:38,770 [5] NHibernate.Cfg.SettingsFactory.BuildSettings(:0) - Deleted entity synthetic identifier rollback: disabled

2012-08-20 17:22:38,771 [5] NHibernate.Cfg.SettingsFactory.CreateQueryTranslatorFactory(:0) - Query translator: NHibernate.Hql.Ast.ANTLR.ASTQueryTranslatorFactory

2012-08-20 17:22:38,775 [5] NHibernate.Cfg.SettingsFactory.BuildSettings(:0) - Query language substitutions: {'true'='1', 'false'='0', 'yes'=''Y'', 'no'=''N''}

2012-08-20 17:22:38,777 [5] NHibernate.Cfg.SettingsFactory.CreateCacheProvider(:0) - cache provider: NHibernate.Cache.NoCacheProvider, NHibernate, Version=3.3.1.4000, Culture=neutral, PublicKeyToken=aa95f207798dfdb4

2012-08-20 17:22:38,778 [5] NHibernate.Cfg.SettingsFactory.BuildSettings(:0) - Order SQL inserts for batching: enabled

2012-08-20 17:22:38,778 [5] NHibernate.Cfg.SettingsFactory.BuildSettings(:0) - Wrap result sets: disabled

2012-08-20 17:22:38,780 [5] NHibernate.Cfg.SettingsFactory.CreateBatcherFactory(:0) - Batcher factory: NHibernate.AdoNet.SqlClientBatchingBatcherFactory, NHibernate, Version=3.3.1.4000, Culture=neutral, PublicKeyToken=aa95f207798dfdb4

2012-08-20 17:22:38,781 [5] NHibernate.Cfg.SettingsFactory.BuildSettings(:0) - Default entity-mode: Poco

2012-08-20 17:22:38,781 [5] NHibernate.Cfg.SettingsFactory.BuildSettings(:0) - Named query checking : enabled

2012-08-20 17:22:38,806 [5] NHibernate.Impl.SessionFactoryImpl..ctor(:0) - building session factory

2012-08-20 17:22:38,806 [5] NHibernate.Impl.SessionFactoryImpl..ctor(:0) - Session factory constructed with filter configurations : {}

2012-08-20 17:22:38,808 [5] NHibernate.Impl.SessionFactoryImpl..ctor(:0) - instantiating session factory with properties: {'use_reflection_optimizer'='True', 'connection.connection_string'='Data Source=.;Initial Catalog=SharpRestFulie;Integrated Security=True;Application Name=SharpRestFulie;', 'dialect'='NHibernate.Dialect.MsSql2008Dialect', 'connection.provider'='NHibernate.Connection.DriverConnectionProvider', 'connection.driver_class'='NHibernate.Driver.SqlClientDriver', 'show_sql'='true', 'connection.release_mode'='auto', 'adonet.batch_size'='500'}

2012-08-20 17:22:38,811 [5] NHibernate.Connection.DriverConnectionProvider.GetConnection(:0) - Obtaining IDbConnection from Driver

2012-08-20 17:22:38,954 [6] NHibernate.Cfg.Configuration.AddProperties(:0) - connection.connection_string=Data Source=.;Initial Catalog=SharpRestFulie;Integrated Security=True;Application Name=SharpRestFulie;

2012-08-20 17:22:38,954 [6] NHibernate.Cfg.Configuration.AddProperties(:0) - dialect=NHibernate.Dialect.MsSql2008Dialect

2012-08-20 17:22:38,954 [6] NHibernate.Cfg.Configuration.AddProperties(:0) - connection.provider=NHibernate.Connection.DriverConnectionProvider

2012-08-20 17:22:38,954 [6] NHibernate.Cfg.Configuration.AddProperties(:0) - connection.driver_class=NHibernate.Driver.SqlClientDriver

2012-08-20 17:22:38,954 [6] NHibernate.Cfg.Configuration.AddProperties(:0) - show_sql=true

2012-08-20 17:22:38,955 [6] NHibernate.Cfg.Configuration.AddProperties(:0) - connection.release_mode=auto

2012-08-20 17:22:38,955 [6] NHibernate.Cfg.Configuration.AddProperties(:0) - adonet.batch_size=500

2012-08-20 17:22:38,955 [6] NHibernate.Cfg.Configuration.DoConfigure(:0) - properties: System.Collections.Generic.Dictionary`2[System.String,System.String]

2012-08-20 17:22:38,956 [6] NHibernate.Cfg.Configuration.AddAssembly(:0) - No mapped documents found in assembly: SharpRestFulie.Infrastructure, Version=1.0.0.0, Culture=neutral, PublicKeyToken=null

2012-08-20 17:22:38,959 [6] NHibernate.Cfg.Configuration.AddDocument(:0) - Mapping XML:
<hibernate-mapping xmlns="urn:nhibernate-mapping-2.2"><class xmlns="urn:nhibernate-mapping-2.2" name="SharpRestFulie.Domain.MyEntity1, SharpRestFulie.Domain, Version=1.0.0.0, Culture=neutral, PublicKeyToken=null" table="MyEntity1s"><id name="Id" type="System.Int32, mscorlib, Version=4.0.0.0, Culture=neutral, PublicKeyToken=b77a5c561934e089"><column name="MyEntity1Id" /><generator class="identity" /></id></class></hibernate-mapping>

2012-08-20 17:22:38,959 [6] NHibernate.Dialect.Dialect..ctor(:0) - Using dialect: NHibernate.Dialect.MsSql2008Dialect

2012-08-20 17:22:38,960 [6] NHibernate.Cfg.XmlHbmBinding.RootClassBinder.Bind(:0) - Mapping class: SharpRestFulie.Domain.MyEntity1 -> MyEntity1s

2012-08-20 17:22:38,960 [6] NHibernate.Cfg.XmlHbmBinding.ClassIdBinder.BindId(:0) - Mapped property: Id -> MyEntity1Id, type: Int32

2012-08-20 17:22:38,961 [6] NHibernate.Cfg.Configuration.SecondPassCompile(:0) - checking mappings queue

2012-08-20 17:22:38,961 [6] NHibernate.Cfg.Configuration.SecondPassCompile(:0) - processing one-to-many association mappings

2012-08-20 17:22:38,961 [6] NHibernate.Cfg.Configuration.SecondPassCompile(:0) - processing one-to-one association property references

2012-08-20 17:22:38,961 [6] NHibernate.Cfg.Configuration.SecondPassCompile(:0) - processing foreign key constraints

2012-08-20 17:22:38,962 [6] NHibernate.Cfg.Configuration.SecondPassCompile(:0) - processing filters (second pass)

2012-08-20 17:22:38,962 [6] NHibernate.Dialect.Dialect..ctor(:0) - Using dialect: NHibernate.Dialect.MsSql2008Dialect

2012-08-20 17:22:38,963 [6] NHibernate.Dialect.Dialect..ctor(:0) - Using dialect: NHibernate.Dialect.MsSql2008Dialect

2012-08-20 17:22:38,964 [6] NHibernate.Exceptions.SQLExceptionConverterFactory.BuildSQLExceptionConverter(:0) - Using dialect defined converter

2012-08-20 17:22:38,964 [6] NHibernate.Cfg.SettingsFactory.BuildSettings(:0) - Generate SQL with comments: disabled

2012-08-20 17:22:38,964 [6] NHibernate.Connection.ConnectionProviderFactory.NewConnectionProvider(:0) - Initializing connection provider: NHibernate.Connection.DriverConnectionProvider

2012-08-20 17:22:38,965 [6] NHibernate.Connection.ConnectionProvider.Configure(:0) - Configuring ConnectionProvider

2012-08-20 17:22:38,965 [6] NHibernate.Cfg.SettingsFactory.CreateTransactionFactory(:0) - Transaction factory: NHibernate.Transaction.AdoNetWithDistributedTransactionFactory

2012-08-20 17:22:38,965 [6] NHibernate.Cfg.SettingsFactory.BuildSettings(:0) - Optimize cache for minimal puts: False

2012-08-20 17:22:38,966 [6] NHibernate.Cfg.SettingsFactory.BuildSettings(:0) - Connection release mode: auto

2012-08-20 17:22:38,966 [6] NHibernate.Cfg.SettingsFactory.BuildSettings(:0) - Default batch fetch size: 1

2012-08-20 17:22:38,966 [6] NHibernate.Cfg.SettingsFactory.BuildSettings(:0) - echoing all SQL to stdout

2012-08-20 17:22:38,966 [6] NHibernate.Cfg.SettingsFactory.BuildSettings(:0) - Statistics: disabled

2012-08-20 17:22:38,966 [6] NHibernate.Cfg.SettingsFactory.BuildSettings(:0) - Deleted entity synthetic identifier rollback: disabled

2012-08-20 17:22:38,966 [6] NHibernate.Cfg.SettingsFactory.CreateQueryTranslatorFactory(:0) - Query translator: NHibernate.Hql.Ast.ANTLR.ASTQueryTranslatorFactory

2012-08-20 17:22:38,967 [6] NHibernate.Cfg.SettingsFactory.BuildSettings(:0) - Query language substitutions: {'true'='1', 'false'='0', 'yes'=''Y'', 'no'=''N''}

2012-08-20 17:22:38,967 [6] NHibernate.Cfg.SettingsFactory.CreateCacheProvider(:0) - cache provider: NHibernate.Cache.NoCacheProvider, NHibernate, Version=3.3.1.4000, Culture=neutral, PublicKeyToken=aa95f207798dfdb4

2012-08-20 17:22:38,967 [6] NHibernate.Cfg.SettingsFactory.BuildSettings(:0) - Order SQL inserts for batching: enabled

2012-08-20 17:22:38,968 [6] NHibernate.Cfg.SettingsFactory.BuildSettings(:0) - Wrap result sets: disabled

2012-08-20 17:22:38,968 [6] NHibernate.Cfg.SettingsFactory.CreateBatcherFactory(:0) - Batcher factory: NHibernate.AdoNet.SqlClientBatchingBatcherFactory, NHibernate, Version=3.3.1.4000, Culture=neutral, PublicKeyToken=aa95f207798dfdb4

2012-08-20 17:22:38,968 [6] NHibernate.Cfg.SettingsFactory.BuildSettings(:0) - Default entity-mode: Poco

2012-08-20 17:22:38,968 [6] NHibernate.Cfg.SettingsFactory.BuildSettings(:0) - Named query checking : enabled

2012-08-20 17:22:38,968 [6] NHibernate.Impl.SessionFactoryImpl..ctor(:0) - building session factory

2012-08-20 17:22:38,969 [6] NHibernate.Impl.SessionFactoryImpl..ctor(:0) - Session factory constructed with filter configurations : {}

2012-08-20 17:22:38,969 [6] NHibernate.Impl.SessionFactoryImpl..ctor(:0) - instantiating session factory with properties: {'use_reflection_optimizer'='True', 'connection.connection_string'='Data Source=.;Initial Catalog=SharpRestFulie;Integrated Security=True;Application Name=SharpRestFulie;', 'dialect'='NHibernate.Dialect.MsSql2008Dialect', 'connection.provider'='NHibernate.Connection.DriverConnectionProvider', 'connection.driver_class'='NHibernate.Driver.SqlClientDriver', 'show_sql'='true', 'connection.release_mode'='auto', 'adonet.batch_size'='500'}

2012-08-20 17:22:38,969 [6] NHibernate.Connection.DriverConnectionProvider.GetConnection(:0) - Obtaining IDbConnection from Driver

2012-08-20 17:22:39,049 [7] NHibernate.Cfg.Configuration.AddProperties(:0) - connection.connection_string=Data Source=.;Initial Catalog=SharpRestFulie;Integrated Security=True;Application Name=SharpRestFulie;

2012-08-20 17:22:39,049 [7] NHibernate.Cfg.Configuration.AddProperties(:0) - dialect=NHibernate.Dialect.MsSql2008Dialect

2012-08-20 17:22:39,049 [7] NHibernate.Cfg.Configuration.AddProperties(:0) - connection.provider=NHibernate.Connection.DriverConnectionProvider

2012-08-20 17:22:39,050 [7] NHibernate.Cfg.Configuration.AddProperties(:0) - connection.driver_class=NHibernate.Driver.SqlClientDriver

2012-08-20 17:22:39,050 [7] NHibernate.Cfg.Configuration.AddProperties(:0) - show_sql=true

2012-08-20 17:22:39,050 [7] NHibernate.Cfg.Configuration.AddProperties(:0) - connection.release_mode=auto

2012-08-20 17:22:39,051 [7] NHibernate.Cfg.Configuration.AddProperties(:0) - adonet.batch_size=500

2012-08-20 17:22:39,051 [7] NHibernate.Cfg.Configuration.DoConfigure(:0) - properties: System.Collections.Generic.Dictionary`2[System.String,System.String]

2012-08-20 17:22:39,051 [7] NHibernate.Cfg.Configuration.AddAssembly(:0) - No mapped documents found in assembly: SharpRestFulie.Infrastructure, Version=1.0.0.0, Culture=neutral, PublicKeyToken=null

2012-08-20 17:22:39,054 [7] NHibernate.Cfg.Configuration.AddDocument(:0) - Mapping XML:
<hibernate-mapping xmlns="urn:nhibernate-mapping-2.2"><class xmlns="urn:nhibernate-mapping-2.2" name="SharpRestFulie.Domain.MyEntity1, SharpRestFulie.Domain, Version=1.0.0.0, Culture=neutral, PublicKeyToken=null" table="MyEntity1s"><id name="Id" type="System.Int32, mscorlib, Version=4.0.0.0, Culture=neutral, PublicKeyToken=b77a5c561934e089"><column name="MyEntity1Id" /><generator class="identity" /></id></class></hibernate-mapping>

2012-08-20 17:22:39,055 [7] NHibernate.Dialect.Dialect..ctor(:0) - Using dialect: NHibernate.Dialect.MsSql2008Dialect

2012-08-20 17:22:39,057 [7] NHibernate.Cfg.XmlHbmBinding.RootClassBinder.Bind(:0) - Mapping class: SharpRestFulie.Domain.MyEntity1 -> MyEntity1s

2012-08-20 17:22:39,057 [7] NHibernate.Cfg.XmlHbmBinding.ClassIdBinder.BindId(:0) - Mapped property: Id -> MyEntity1Id, type: Int32

2012-08-20 17:22:39,058 [7] NHibernate.Cfg.Configuration.SecondPassCompile(:0) - checking mappings queue

2012-08-20 17:22:39,059 [7] NHibernate.Cfg.Configuration.SecondPassCompile(:0) - processing one-to-many association mappings

2012-08-20 17:22:39,059 [7] NHibernate.Cfg.Configuration.SecondPassCompile(:0) - processing one-to-one association property references

2012-08-20 17:22:39,059 [7] NHibernate.Cfg.Configuration.SecondPassCompile(:0) - processing foreign key constraints

2012-08-20 17:22:39,059 [7] NHibernate.Cfg.Configuration.SecondPassCompile(:0) - processing filters (second pass)

2012-08-20 17:22:39,060 [7] NHibernate.Dialect.Dialect..ctor(:0) - Using dialect: NHibernate.Dialect.MsSql2008Dialect

2012-08-20 17:22:39,060 [7] NHibernate.Dialect.Dialect..ctor(:0) - Using dialect: NHibernate.Dialect.MsSql2008Dialect

2012-08-20 17:22:39,062 [7] NHibernate.Exceptions.SQLExceptionConverterFactory.BuildSQLExceptionConverter(:0) - Using dialect defined converter

2012-08-20 17:22:39,062 [7] NHibernate.Cfg.SettingsFactory.BuildSettings(:0) - Generate SQL with comments: disabled

2012-08-20 17:22:39,062 [7] NHibernate.Connection.ConnectionProviderFactory.NewConnectionProvider(:0) - Initializing connection provider: NHibernate.Connection.DriverConnectionProvider

2012-08-20 17:22:39,062 [7] NHibernate.Connection.ConnectionProvider.Configure(:0) - Configuring ConnectionProvider

2012-08-20 17:22:39,062 [7] NHibernate.Cfg.SettingsFactory.CreateTransactionFactory(:0) - Transaction factory: NHibernate.Transaction.AdoNetWithDistributedTransactionFactory

2012-08-20 17:22:39,063 [7] NHibernate.Cfg.SettingsFactory.BuildSettings(:0) - Optimize cache for minimal puts: False

2012-08-20 17:22:39,063 [7] NHibernate.Cfg.SettingsFactory.BuildSettings(:0) - Connection release mode: auto

2012-08-20 17:22:39,063 [7] NHibernate.Cfg.SettingsFactory.BuildSettings(:0) - Default batch fetch size: 1

2012-08-20 17:22:39,063 [7] NHibernate.Cfg.SettingsFactory.BuildSettings(:0) - echoing all SQL to stdout

2012-08-20 17:22:39,063 [7] NHibernate.Cfg.SettingsFactory.BuildSettings(:0) - Statistics: disabled

2012-08-20 17:22:39,063 [7] NHibernate.Cfg.SettingsFactory.BuildSettings(:0) - Deleted entity synthetic identifier rollback: disabled

2012-08-20 17:22:39,063 [7] NHibernate.Cfg.SettingsFactory.CreateQueryTranslatorFactory(:0) - Query translator: NHibernate.Hql.Ast.ANTLR.ASTQueryTranslatorFactory

2012-08-20 17:22:39,064 [7] NHibernate.Cfg.SettingsFactory.BuildSettings(:0) - Query language substitutions: {'true'='1', 'false'='0', 'yes'=''Y'', 'no'=''N''}

2012-08-20 17:22:39,064 [7] NHibernate.Cfg.SettingsFactory.CreateCacheProvider(:0) - cache provider: NHibernate.Cache.NoCacheProvider, NHibernate, Version=3.3.1.4000, Culture=neutral, PublicKeyToken=aa95f207798dfdb4

2012-08-20 17:22:39,064 [7] NHibernate.Cfg.SettingsFactory.BuildSettings(:0) - Order SQL inserts for batching: enabled

2012-08-20 17:22:39,064 [7] NHibernate.Cfg.SettingsFactory.BuildSettings(:0) - Wrap result sets: disabled

2012-08-20 17:22:39,064 [7] NHibernate.Cfg.SettingsFactory.CreateBatcherFactory(:0) - Batcher factory: NHibernate.AdoNet.SqlClientBatchingBatcherFactory, NHibernate, Version=3.3.1.4000, Culture=neutral, PublicKeyToken=aa95f207798dfdb4

2012-08-20 17:22:39,064 [7] NHibernate.Cfg.SettingsFactory.BuildSettings(:0) - Default entity-mode: Poco

2012-08-20 17:22:39,065 [7] NHibernate.Cfg.SettingsFactory.BuildSettings(:0) - Named query checking : enabled

2012-08-20 17:22:39,065 [7] NHibernate.Impl.SessionFactoryImpl..ctor(:0) - building session factory

2012-08-20 17:22:39,065 [7] NHibernate.Impl.SessionFactoryImpl..ctor(:0) - Session factory constructed with filter configurations : {}

2012-08-20 17:22:39,065 [7] NHibernate.Impl.SessionFactoryImpl..ctor(:0) - instantiating session factory with properties: {'use_reflection_optimizer'='True', 'connection.connection_string'='Data Source=.;Initial Catalog=SharpRestFulie;Integrated Security=True;Application Name=SharpRestFulie;', 'dialect'='NHibernate.Dialect.MsSql2008Dialect', 'connection.provider'='NHibernate.Connection.DriverConnectionProvider', 'connection.driver_class'='NHibernate.Driver.SqlClientDriver', 'show_sql'='true', 'connection.release_mode'='auto', 'adonet.batch_size'='500'}

2012-08-20 17:22:39,065 [7] NHibernate.Connection.DriverConnectionProvider.GetConnection(:0) - Obtaining IDbConnection from Driver

2012-08-20 17:28:16,453 [18] NHibernate.Cfg.Configuration.AddProperties(:0) - connection.connection_string=Data Source=.;Initial Catalog=SharpRestFulie;Integrated Security=True;Application Name=SharpRestFulie;

2012-08-20 17:28:16,453 [18] NHibernate.Cfg.Configuration.AddProperties(:0) - dialect=NHibernate.Dialect.MsSql2008Dialect

2012-08-20 17:28:16,454 [18] NHibernate.Cfg.Configuration.AddProperties(:0) - connection.provider=NHibernate.Connection.DriverConnectionProvider

2012-08-20 17:28:16,454 [18] NHibernate.Cfg.Configuration.AddProperties(:0) - connection.driver_class=NHibernate.Driver.SqlClientDriver

2012-08-20 17:28:16,454 [18] NHibernate.Cfg.Configuration.AddProperties(:0) - show_sql=true

2012-08-20 17:28:16,454 [18] NHibernate.Cfg.Configuration.AddProperties(:0) - connection.release_mode=auto

2012-08-20 17:28:16,454 [18] NHibernate.Cfg.Configuration.AddProperties(:0) - adonet.batch_size=500

2012-08-20 17:28:16,455 [18] NHibernate.Cfg.Configuration.DoConfigure(:0) - properties: System.Collections.Generic.Dictionary`2[System.String,System.String]

2012-08-20 17:28:16,455 [18] NHibernate.Cfg.Configuration.AddAssembly(:0) - No mapped documents found in assembly: SharpRestFulie.Infrastructure, Version=1.0.0.0, Culture=neutral, PublicKeyToken=null

2012-08-20 17:28:16,458 [18] NHibernate.Cfg.Configuration.AddDocument(:0) - Mapping XML:
<hibernate-mapping xmlns="urn:nhibernate-mapping-2.2"><class xmlns="urn:nhibernate-mapping-2.2" name="SharpRestFulie.Domain.MyEntity1, SharpRestFulie.Domain, Version=1.0.0.0, Culture=neutral, PublicKeyToken=null" table="MyEntity1s"><id name="Id" type="System.Int32, mscorlib, Version=4.0.0.0, Culture=neutral, PublicKeyToken=b77a5c561934e089"><column name="MyEntity1Id" /><generator class="identity" /></id></class></hibernate-mapping>

2012-08-20 17:28:16,458 [18] NHibernate.Dialect.Dialect..ctor(:0) - Using dialect: NHibernate.Dialect.MsSql2008Dialect

2012-08-20 17:28:16,459 [18] NHibernate.Cfg.XmlHbmBinding.RootClassBinder.Bind(:0) - Mapping class: SharpRestFulie.Domain.MyEntity1 -> MyEntity1s

2012-08-20 17:28:16,460 [18] NHibernate.Cfg.XmlHbmBinding.ClassIdBinder.BindId(:0) - Mapped property: Id -> MyEntity1Id, type: Int32

2012-08-20 17:28:16,460 [18] NHibernate.Cfg.Configuration.SecondPassCompile(:0) - checking mappings queue

2012-08-20 17:28:16,460 [18] NHibernate.Cfg.Configuration.SecondPassCompile(:0) - processing one-to-many association mappings

2012-08-20 17:28:16,461 [18] NHibernate.Cfg.Configuration.SecondPassCompile(:0) - processing one-to-one association property references

2012-08-20 17:28:16,461 [18] NHibernate.Cfg.Configuration.SecondPassCompile(:0) - processing foreign key constraints

2012-08-20 17:28:16,461 [18] NHibernate.Cfg.Configuration.SecondPassCompile(:0) - processing filters (second pass)

2012-08-20 17:28:16,462 [18] NHibernate.Dialect.Dialect..ctor(:0) - Using dialect: NHibernate.Dialect.MsSql2008Dialect

2012-08-20 17:28:16,462 [18] NHibernate.Dialect.Dialect..ctor(:0) - Using dialect: NHibernate.Dialect.MsSql2008Dialect

2012-08-20 17:28:16,464 [18] NHibernate.Exceptions.SQLExceptionConverterFactory.BuildSQLExceptionConverter(:0) - Using dialect defined converter

2012-08-20 17:28:16,465 [18] NHibernate.Cfg.SettingsFactory.BuildSettings(:0) - Generate SQL with comments: disabled

2012-08-20 17:28:16,465 [18] NHibernate.Connection.ConnectionProviderFactory.NewConnectionProvider(:0) - Initializing connection provider: NHibernate.Connection.DriverConnectionProvider

2012-08-20 17:28:16,465 [18] NHibernate.Connection.ConnectionProvider.Configure(:0) - Configuring ConnectionProvider

2012-08-20 17:28:16,466 [18] NHibernate.Cfg.SettingsFactory.CreateTransactionFactory(:0) - Transaction factory: NHibernate.Transaction.AdoNetWithDistributedTransactionFactory

2012-08-20 17:28:16,466 [18] NHibernate.Cfg.SettingsFactory.BuildSettings(:0) - Optimize cache for minimal puts: False

2012-08-20 17:28:16,466 [18] NHibernate.Cfg.SettingsFactory.BuildSettings(:0) - Connection release mode: auto

2012-08-20 17:28:16,467 [18] NHibernate.Cfg.SettingsFactory.BuildSettings(:0) - Default batch fetch size: 1

2012-08-20 17:28:16,467 [18] NHibernate.Cfg.SettingsFactory.BuildSettings(:0) - echoing all SQL to stdout

2012-08-20 17:28:16,467 [18] NHibernate.Cfg.SettingsFactory.BuildSettings(:0) - Statistics: disabled

2012-08-20 17:28:16,467 [18] NHibernate.Cfg.SettingsFactory.BuildSettings(:0) - Deleted entity synthetic identifier rollback: disabled

2012-08-20 17:28:16,468 [18] NHibernate.Cfg.SettingsFactory.CreateQueryTranslatorFactory(:0) - Query translator: NHibernate.Hql.Ast.ANTLR.ASTQueryTranslatorFactory

2012-08-20 17:28:16,468 [18] NHibernate.Cfg.SettingsFactory.BuildSettings(:0) - Query language substitutions: {'true'='1', 'false'='0', 'yes'=''Y'', 'no'=''N''}

2012-08-20 17:28:16,468 [18] NHibernate.Cfg.SettingsFactory.CreateCacheProvider(:0) - cache provider: NHibernate.Cache.NoCacheProvider, NHibernate, Version=3.3.1.4000, Culture=neutral, PublicKeyToken=aa95f207798dfdb4

2012-08-20 17:28:16,469 [18] NHibernate.Cfg.SettingsFactory.BuildSettings(:0) - Order SQL inserts for batching: enabled

2012-08-20 17:28:16,469 [18] NHibernate.Cfg.SettingsFactory.BuildSettings(:0) - Wrap result sets: disabled

2012-08-20 17:28:16,469 [18] NHibernate.Cfg.SettingsFactory.CreateBatcherFactory(:0) - Batcher factory: NHibernate.AdoNet.SqlClientBatchingBatcherFactory, NHibernate, Version=3.3.1.4000, Culture=neutral, PublicKeyToken=aa95f207798dfdb4

2012-08-20 17:28:16,469 [18] NHibernate.Cfg.SettingsFactory.BuildSettings(:0) - Default entity-mode: Poco

2012-08-20 17:28:16,469 [18] NHibernate.Cfg.SettingsFactory.BuildSettings(:0) - Named query checking : enabled

2012-08-20 17:28:16,469 [18] NHibernate.Impl.SessionFactoryImpl..ctor(:0) - building session factory

2012-08-20 17:28:16,470 [18] NHibernate.Impl.SessionFactoryImpl..ctor(:0) - Session factory constructed with filter configurations : {}

2012-08-20 17:28:16,470 [18] NHibernate.Impl.SessionFactoryImpl..ctor(:0) - instantiating session factory with properties: {'use_reflection_optimizer'='True', 'connection.connection_string'='Data Source=.;Initial Catalog=SharpRestFulie;Integrated Security=True;Application Name=SharpRestFulie;', 'dialect'='NHibernate.Dialect.MsSql2008Dialect', 'connection.provider'='NHibernate.Connection.DriverConnectionProvider', 'connection.driver_class'='NHibernate.Driver.SqlClientDriver', 'show_sql'='true', 'connection.release_mode'='auto', 'adonet.batch_size'='500'}

2012-08-20 17:28:16,470 [18] NHibernate.Connection.DriverConnectionProvider.GetConnection(:0) - Obtaining IDbConnection from Driver

2012-08-20 17:28:16,529 [19] NHibernate.Cfg.Configuration.AddProperties(:0) - connection.connection_string=Data Source=.;Initial Catalog=SharpRestFulie;Integrated Security=True;Application Name=SharpRestFulie;

2012-08-20 17:28:16,529 [19] NHibernate.Cfg.Configuration.AddProperties(:0) - dialect=NHibernate.Dialect.MsSql2008Dialect

2012-08-20 17:28:16,530 [19] NHibernate.Cfg.Configuration.AddProperties(:0) - connection.provider=NHibernate.Connection.DriverConnectionProvider

2012-08-20 17:28:16,530 [19] NHibernate.Cfg.Configuration.AddProperties(:0) - connection.driver_class=NHibernate.Driver.SqlClientDriver

2012-08-20 17:28:16,530 [19] NHibernate.Cfg.Configuration.AddProperties(:0) - show_sql=true

2012-08-20 17:28:16,530 [19] NHibernate.Cfg.Configuration.AddProperties(:0) - connection.release_mode=auto

2012-08-20 17:28:16,531 [19] NHibernate.Cfg.Configuration.AddProperties(:0) - adonet.batch_size=500

2012-08-20 17:28:16,531 [19] NHibernate.Cfg.Configuration.DoConfigure(:0) - properties: System.Collections.Generic.Dictionary`2[System.String,System.String]

2012-08-20 17:28:16,531 [19] NHibernate.Cfg.Configuration.AddAssembly(:0) - No mapped documents found in assembly: SharpRestFulie.Infrastructure, Version=1.0.0.0, Culture=neutral, PublicKeyToken=null

2012-08-20 17:28:16,533 [19] NHibernate.Cfg.Configuration.AddDocument(:0) - Mapping XML:
<hibernate-mapping xmlns="urn:nhibernate-mapping-2.2"><class xmlns="urn:nhibernate-mapping-2.2" name="SharpRestFulie.Domain.MyEntity1, SharpRestFulie.Domain, Version=1.0.0.0, Culture=neutral, PublicKeyToken=null" table="MyEntity1s"><id name="Id" type="System.Int32, mscorlib, Version=4.0.0.0, Culture=neutral, PublicKeyToken=b77a5c561934e089"><column name="MyEntity1Id" /><generator class="identity" /></id></class></hibernate-mapping>

2012-08-20 17:28:16,534 [19] NHibernate.Dialect.Dialect..ctor(:0) - Using dialect: NHibernate.Dialect.MsSql2008Dialect

2012-08-20 17:28:16,536 [19] NHibernate.Cfg.XmlHbmBinding.RootClassBinder.Bind(:0) - Mapping class: SharpRestFulie.Domain.MyEntity1 -> MyEntity1s

2012-08-20 17:28:16,536 [19] NHibernate.Cfg.XmlHbmBinding.ClassIdBinder.BindId(:0) - Mapped property: Id -> MyEntity1Id, type: Int32

2012-08-20 17:28:16,537 [19] NHibernate.Cfg.Configuration.SecondPassCompile(:0) - checking mappings queue

2012-08-20 17:28:16,537 [19] NHibernate.Cfg.Configuration.SecondPassCompile(:0) - processing one-to-many association mappings

2012-08-20 17:28:16,537 [19] NHibernate.Cfg.Configuration.SecondPassCompile(:0) - processing one-to-one association property references

2012-08-20 17:28:16,538 [19] NHibernate.Cfg.Configuration.SecondPassCompile(:0) - processing foreign key constraints

2012-08-20 17:28:16,538 [19] NHibernate.Cfg.Configuration.SecondPassCompile(:0) - processing filters (second pass)

2012-08-20 17:28:16,538 [19] NHibernate.Dialect.Dialect..ctor(:0) - Using dialect: NHibernate.Dialect.MsSql2008Dialect

2012-08-20 17:28:16,539 [19] NHibernate.Dialect.Dialect..ctor(:0) - Using dialect: NHibernate.Dialect.MsSql2008Dialect

2012-08-20 17:28:16,540 [19] NHibernate.Exceptions.SQLExceptionConverterFactory.BuildSQLExceptionConverter(:0) - Using dialect defined converter

2012-08-20 17:28:16,540 [19] NHibernate.Cfg.SettingsFactory.BuildSettings(:0) - Generate SQL with comments: disabled

2012-08-20 17:28:16,540 [19] NHibernate.Connection.ConnectionProviderFactory.NewConnectionProvider(:0) - Initializing connection provider: NHibernate.Connection.DriverConnectionProvider

2012-08-20 17:28:16,540 [19] NHibernate.Connection.ConnectionProvider.Configure(:0) - Configuring ConnectionProvider

2012-08-20 17:28:16,541 [19] NHibernate.Cfg.SettingsFactory.CreateTransactionFactory(:0) - Transaction factory: NHibernate.Transaction.AdoNetWithDistributedTransactionFactory

2012-08-20 17:28:16,541 [19] NHibernate.Cfg.SettingsFactory.BuildSettings(:0) - Optimize cache for minimal puts: False

2012-08-20 17:28:16,541 [19] NHibernate.Cfg.SettingsFactory.BuildSettings(:0) - Connection release mode: auto

2012-08-20 17:28:16,541 [19] NHibernate.Cfg.SettingsFactory.BuildSettings(:0) - Default batch fetch size: 1

2012-08-20 17:28:16,541 [19] NHibernate.Cfg.SettingsFactory.BuildSettings(:0) - echoing all SQL to stdout

2012-08-20 17:28:16,541 [19] NHibernate.Cfg.SettingsFactory.BuildSettings(:0) - Statistics: disabled

2012-08-20 17:28:16,541 [19] NHibernate.Cfg.SettingsFactory.BuildSettings(:0) - Deleted entity synthetic identifier rollback: disabled

2012-08-20 17:28:16,542 [19] NHibernate.Cfg.SettingsFactory.CreateQueryTranslatorFactory(:0) - Query translator: NHibernate.Hql.Ast.ANTLR.ASTQueryTranslatorFactory

2012-08-20 17:28:16,542 [19] NHibernate.Cfg.SettingsFactory.BuildSettings(:0) - Query language substitutions: {'true'='1', 'false'='0', 'yes'=''Y'', 'no'=''N''}

2012-08-20 17:28:16,544 [19] NHibernate.Cfg.SettingsFactory.CreateCacheProvider(:0) - cache provider: NHibernate.Cache.NoCacheProvider, NHibernate, Version=3.3.1.4000, Culture=neutral, PublicKeyToken=aa95f207798dfdb4

2012-08-20 17:28:16,545 [19] NHibernate.Cfg.SettingsFactory.BuildSettings(:0) - Order SQL inserts for batching: enabled

2012-08-20 17:28:16,545 [19] NHibernate.Cfg.SettingsFactory.BuildSettings(:0) - Wrap result sets: disabled

2012-08-20 17:28:16,545 [19] NHibernate.Cfg.SettingsFactory.CreateBatcherFactory(:0) - Batcher factory: NHibernate.AdoNet.SqlClientBatchingBatcherFactory, NHibernate, Version=3.3.1.4000, Culture=neutral, PublicKeyToken=aa95f207798dfdb4

2012-08-20 17:28:16,546 [19] NHibernate.Cfg.SettingsFactory.BuildSettings(:0) - Default entity-mode: Poco

2012-08-20 17:28:16,546 [19] NHibernate.Cfg.SettingsFactory.BuildSettings(:0) - Named query checking : enabled

2012-08-20 17:28:16,546 [19] NHibernate.Impl.SessionFactoryImpl..ctor(:0) - building session factory

2012-08-20 17:28:16,547 [19] NHibernate.Impl.SessionFactoryImpl..ctor(:0) - Session factory constructed with filter configurations : {}

2012-08-20 17:28:16,547 [19] NHibernate.Impl.SessionFactoryImpl..ctor(:0) - instantiating session factory with properties: {'use_reflection_optimizer'='True', 'connection.connection_string'='Data Source=.;Initial Catalog=SharpRestFulie;Integrated Security=True;Application Name=SharpRestFulie;', 'dialect'='NHibernate.Dialect.MsSql2008Dialect', 'connection.provider'='NHibernate.Connection.DriverConnectionProvider', 'connection.driver_class'='NHibernate.Driver.SqlClientDriver', 'show_sql'='true', 'connection.release_mode'='auto', 'adonet.batch_size'='500'}

2012-08-20 17:28:16,547 [19] NHibernate.Connection.DriverConnectionProvider.GetConnection(:0) - Obtaining IDbConnection from Driver

2012-08-20 17:28:40,209 [19] NHibernate.Cfg.Configuration.AddProperties(:0) - connection.connection_string=Data Source=.;Initial Catalog=SharpRestFulie;Integrated Security=True;Application Name=SharpRestFulie;

2012-08-20 17:28:40,209 [19] NHibernate.Cfg.Configuration.AddProperties(:0) - dialect=NHibernate.Dialect.MsSql2008Dialect

2012-08-20 17:28:40,209 [19] NHibernate.Cfg.Configuration.AddProperties(:0) - connection.provider=NHibernate.Connection.DriverConnectionProvider

2012-08-20 17:28:40,210 [19] NHibernate.Cfg.Configuration.AddProperties(:0) - connection.driver_class=NHibernate.Driver.SqlClientDriver

2012-08-20 17:28:40,210 [19] NHibernate.Cfg.Configuration.AddProperties(:0) - show_sql=true

2012-08-20 17:28:40,210 [19] NHibernate.Cfg.Configuration.AddProperties(:0) - connection.release_mode=auto

2012-08-20 17:28:40,211 [19] NHibernate.Cfg.Configuration.AddProperties(:0) - adonet.batch_size=500

2012-08-20 17:28:40,211 [19] NHibernate.Cfg.Configuration.DoConfigure(:0) - properties: System.Collections.Generic.Dictionary`2[System.String,System.String]

2012-08-20 17:28:40,211 [19] NHibernate.Cfg.Configuration.AddAssembly(:0) - No mapped documents found in assembly: SharpRestFulie.Infrastructure, Version=1.0.0.0, Culture=neutral, PublicKeyToken=null

2012-08-20 17:28:40,213 [19] NHibernate.Cfg.Configuration.AddDocument(:0) - Mapping XML:
<hibernate-mapping xmlns="urn:nhibernate-mapping-2.2"><class xmlns="urn:nhibernate-mapping-2.2" name="SharpRestFulie.Domain.MyEntity1, SharpRestFulie.Domain, Version=1.0.0.0, Culture=neutral, PublicKeyToken=null" table="MyEntity1s"><id name="Id" type="System.Int32, mscorlib, Version=4.0.0.0, Culture=neutral, PublicKeyToken=b77a5c561934e089"><column name="MyEntity1Id" /><generator class="identity" /></id></class></hibernate-mapping>

2012-08-20 17:28:40,213 [19] NHibernate.Dialect.Dialect..ctor(:0) - Using dialect: NHibernate.Dialect.MsSql2008Dialect

2012-08-20 17:28:40,214 [19] NHibernate.Cfg.XmlHbmBinding.RootClassBinder.Bind(:0) - Mapping class: SharpRestFulie.Domain.MyEntity1 -> MyEntity1s

2012-08-20 17:28:40,214 [19] NHibernate.Cfg.XmlHbmBinding.ClassIdBinder.BindId(:0) - Mapped property: Id -> MyEntity1Id, type: Int32

2012-08-20 17:28:40,214 [19] NHibernate.Cfg.Configuration.SecondPassCompile(:0) - checking mappings queue

2012-08-20 17:28:40,215 [19] NHibernate.Cfg.Configuration.SecondPassCompile(:0) - processing one-to-many association mappings

2012-08-20 17:28:40,215 [19] NHibernate.Cfg.Configuration.SecondPassCompile(:0) - processing one-to-one association property references

2012-08-20 17:28:40,215 [19] NHibernate.Cfg.Configuration.SecondPassCompile(:0) - processing foreign key constraints

2012-08-20 17:28:40,215 [19] NHibernate.Cfg.Configuration.SecondPassCompile(:0) - processing filters (second pass)

2012-08-20 17:28:40,215 [19] NHibernate.Dialect.Dialect..ctor(:0) - Using dialect: NHibernate.Dialect.MsSql2008Dialect

2012-08-20 17:28:40,216 [19] NHibernate.Dialect.Dialect..ctor(:0) - Using dialect: NHibernate.Dialect.MsSql2008Dialect

2012-08-20 17:28:40,217 [19] NHibernate.Exceptions.SQLExceptionConverterFactory.BuildSQLExceptionConverter(:0) - Using dialect defined converter

2012-08-20 17:28:40,217 [19] NHibernate.Cfg.SettingsFactory.BuildSettings(:0) - Generate SQL with comments: disabled

2012-08-20 17:28:40,218 [19] NHibernate.Connection.ConnectionProviderFactory.NewConnectionProvider(:0) - Initializing connection provider: NHibernate.Connection.DriverConnectionProvider

2012-08-20 17:28:40,218 [19] NHibernate.Connection.ConnectionProvider.Configure(:0) - Configuring ConnectionProvider

2012-08-20 17:28:40,218 [19] NHibernate.Cfg.SettingsFactory.CreateTransactionFactory(:0) - Transaction factory: NHibernate.Transaction.AdoNetWithDistributedTransactionFactory

2012-08-20 17:28:40,218 [19] NHibernate.Cfg.SettingsFactory.BuildSettings(:0) - Optimize cache for minimal puts: False

2012-08-20 17:28:40,218 [19] NHibernate.Cfg.SettingsFactory.BuildSettings(:0) - Connection release mode: auto

2012-08-20 17:28:40,219 [19] NHibernate.Cfg.SettingsFactory.BuildSettings(:0) - Default batch fetch size: 1

2012-08-20 17:28:40,219 [19] NHibernate.Cfg.SettingsFactory.BuildSettings(:0) - echoing all SQL to stdout

2012-08-20 17:28:40,219 [19] NHibernate.Cfg.SettingsFactory.BuildSettings(:0) - Statistics: disabled

2012-08-20 17:28:40,219 [19] NHibernate.Cfg.SettingsFactory.BuildSettings(:0) - Deleted entity synthetic identifier rollback: disabled

2012-08-20 17:28:40,219 [19] NHibernate.Cfg.SettingsFactory.CreateQueryTranslatorFactory(:0) - Query translator: NHibernate.Hql.Ast.ANTLR.ASTQueryTranslatorFactory

2012-08-20 17:28:40,219 [19] NHibernate.Cfg.SettingsFactory.BuildSettings(:0) - Query language substitutions: {'true'='1', 'false'='0', 'yes'=''Y'', 'no'=''N''}

2012-08-20 17:28:40,220 [19] NHibernate.Cfg.SettingsFactory.CreateCacheProvider(:0) - cache provider: NHibernate.Cache.NoCacheProvider, NHibernate, Version=3.3.1.4000, Culture=neutral, PublicKeyToken=aa95f207798dfdb4

2012-08-20 17:28:40,220 [19] NHibernate.Cfg.SettingsFactory.BuildSettings(:0) - Order SQL inserts for batching: enabled

2012-08-20 17:28:40,220 [19] NHibernate.Cfg.SettingsFactory.BuildSettings(:0) - Wrap result sets: disabled

2012-08-20 17:28:40,220 [19] NHibernate.Cfg.SettingsFactory.CreateBatcherFactory(:0) - Batcher factory: NHibernate.AdoNet.SqlClientBatchingBatcherFactory, NHibernate, Version=3.3.1.4000, Culture=neutral, PublicKeyToken=aa95f207798dfdb4

2012-08-20 17:28:40,220 [19] NHibernate.Cfg.SettingsFactory.BuildSettings(:0) - Default entity-mode: Poco

2012-08-20 17:28:40,220 [19] NHibernate.Cfg.SettingsFactory.BuildSettings(:0) - Named query checking : enabled

2012-08-20 17:28:40,221 [19] NHibernate.Impl.SessionFactoryImpl..ctor(:0) - building session factory

2012-08-20 17:28:40,221 [19] NHibernate.Impl.SessionFactoryImpl..ctor(:0) - Session factory constructed with filter configurations : {}

2012-08-20 17:28:40,221 [19] NHibernate.Impl.SessionFactoryImpl..ctor(:0) - instantiating session factory with properties: {'use_reflection_optimizer'='True', 'connection.connection_string'='Data Source=.;Initial Catalog=SharpRestFulie;Integrated Security=True;Application Name=SharpRestFulie;', 'dialect'='NHibernate.Dialect.MsSql2008Dialect', 'connection.provider'='NHibernate.Connection.DriverConnectionProvider', 'connection.driver_class'='NHibernate.Driver.SqlClientDriver', 'show_sql'='true', 'connection.release_mode'='auto', 'adonet.batch_size'='500'}

2012-08-20 17:28:40,221 [19] NHibernate.Connection.DriverConnectionProvider.GetConnection(:0) - Obtaining IDbConnection from Driver

2012-08-20 17:28:40,307 [19] NHibernate.Connection.ConnectionProvider.CloseConnection(:0) - Closing connection

2012-08-20 17:28:40,485 [19] NHibernate.Tuple.Entity.AbstractEntityTuplizer..ctor(:0) - No custom accessors found for entity: SharpRestFulie.Domain.MyEntity1

2012-08-20 17:28:40,495 [19] NHibernate.Tuple.Entity.AbstractEntityTuplizer..ctor(:0) - No custom accessors found for entity: SharpRestFulie.Domain.MyEntity1

2012-08-20 17:28:40,526 [19] NHibernate.Tuple.Entity.PocoEntityTuplizer.BuildInstantiator(:0) - Create Instantiator using optimizer for:SharpRestFulie.Domain.MyEntity1

2012-08-20 17:28:40,664 [19] NHibernate.Persister.Entity.AbstractEntityPersister.LogStaticSQL(:0) - Static SQL for entity: SharpRestFulie.Domain.MyEntity1

2012-08-20 17:28:40,664 [19] NHibernate.Persister.Entity.AbstractEntityPersister.LogStaticSQL(:0) -  Version select: SELECT MyEntity1Id FROM MyEntity1s WHERE MyEntity1Id = ?

2012-08-20 17:28:40,664 [19] NHibernate.Persister.Entity.AbstractEntityPersister.LogStaticSQL(:0) -  Snapshot select: SELECT myentity1x_.MyEntity1Id FROM MyEntity1s myentity1x_ WHERE myentity1x_.MyEntity1Id=?

2012-08-20 17:28:40,665 [19] NHibernate.Persister.Entity.AbstractEntityPersister.LogStaticSQL(:0) -  Insert 0: INSERT INTO MyEntity1s (MyEntity1Id) VALUES (?)

2012-08-20 17:28:40,665 [19] NHibernate.Persister.Entity.AbstractEntityPersister.LogStaticSQL(:0) -  Update 0: 

2012-08-20 17:28:40,665 [19] NHibernate.Persister.Entity.AbstractEntityPersister.LogStaticSQL(:0) -  Delete 0: DELETE FROM MyEntity1s WHERE MyEntity1Id = ?

2012-08-20 17:28:40,665 [19] NHibernate.Persister.Entity.AbstractEntityPersister.LogStaticSQL(:0) -  Identity insert: INSERT INTO MyEntity1s DEFAULT VALUES; select SCOPE_IDENTITY()

2012-08-20 17:28:40,737 [19] NHibernate.Loader.Entity.BatchingEntityLoader.CreateBatchingEntityLoader(:0) - Static select for entity SharpRestFulie.Domain.MyEntity1: SELECT myentity1x0_.MyEntity1Id as MyEntity1_5_0_ FROM MyEntity1s myentity1x0_ WHERE myentity1x0_.MyEntity1Id=?

2012-08-20 17:28:40,738 [19] NHibernate.Loader.Entity.BatchingEntityLoader.CreateBatchingEntityLoader(:0) - Static select for entity SharpRestFulie.Domain.MyEntity1: SELECT myentity1x0_.MyEntity1Id as MyEntity1_5_0_ FROM MyEntity1s myentity1x0_ WHERE myentity1x0_.MyEntity1Id=?

2012-08-20 17:28:40,739 [19] NHibernate.Loader.Entity.BatchingEntityLoader.CreateBatchingEntityLoader(:0) - Static select for entity SharpRestFulie.Domain.MyEntity1: SELECT myentity1x0_.MyEntity1Id as MyEntity1_5_0_ FROM MyEntity1s myentity1x0_ with (updlock, rowlock) WHERE myentity1x0_.MyEntity1Id=?

2012-08-20 17:28:40,740 [19] NHibernate.Loader.Entity.BatchingEntityLoader.CreateBatchingEntityLoader(:0) - Static select for entity SharpRestFulie.Domain.MyEntity1: SELECT myentity1x0_.MyEntity1Id as MyEntity1_5_0_ FROM MyEntity1s myentity1x0_ with (updlock, rowlock, nowait) WHERE myentity1x0_.MyEntity1Id=?

2012-08-20 17:28:40,740 [19] NHibernate.Loader.Entity.BatchingEntityLoader.CreateBatchingEntityLoader(:0) - Static select for entity SharpRestFulie.Domain.MyEntity1: SELECT myentity1x0_.MyEntity1Id as MyEntity1_5_0_ FROM MyEntity1s myentity1x0_ with (updlock, rowlock) WHERE myentity1x0_.MyEntity1Id=?

2012-08-20 17:28:40,743 [19] NHibernate.Persister.Entity.AbstractEntityPersister.CreateLoaders(:0) - Static select for action NHibernate.Engine.CascadingAction+MergeCascadingAction on entity SharpRestFulie.Domain.MyEntity1: SELECT myentity1x0_.MyEntity1Id as MyEntity1_5_0_ FROM MyEntity1s myentity1x0_ WHERE myentity1x0_.MyEntity1Id=?

2012-08-20 17:28:40,743 [19] NHibernate.Persister.Entity.AbstractEntityPersister.CreateLoaders(:0) - Static select for action NHibernate.Engine.CascadingAction+RefreshCascadingAction on entity SharpRestFulie.Domain.MyEntity1: SELECT myentity1x0_.MyEntity1Id as MyEntity1_5_0_ FROM MyEntity1s myentity1x0_ WHERE myentity1x0_.MyEntity1Id=?

2012-08-20 17:28:40,746 [19] NHibernate.Impl.SessionFactoryObjectFactory.AddInstance(:0) - initializing class SessionFactoryObjectFactory

2012-08-20 17:28:40,746 [19] NHibernate.Impl.SessionFactoryObjectFactory.AddInstance(:0) - registered: 155daac2b50f40b38aec4e0c0cb249f4(unnamed)

2012-08-20 17:28:40,746 [19] NHibernate.Impl.SessionFactoryImpl..ctor(:0) - no name configured

2012-08-20 17:28:40,746 [19] NHibernate.Impl.SessionFactoryImpl..ctor(:0) - Instantiated session factory

2012-08-20 17:28:40,754 [19] NHibernate.Impl.SessionFactoryImpl.CheckNamedQueries(:0) - Checking 0 named HQL queries

2012-08-20 17:28:40,754 [19] NHibernate.Impl.SessionFactoryImpl.CheckNamedQueries(:0) - Checking 0 named SQL queries

2012-08-20 17:28:40,759 [19] NHibernate.Cfg.Configuration.SecondPassCompile(:0) - checking mappings queue

2012-08-20 17:28:40,769 [19] NHibernate.Cfg.Configuration.SecondPassCompile(:0) - processing one-to-many association mappings

2012-08-20 17:28:40,769 [19] NHibernate.Cfg.Configuration.SecondPassCompile(:0) - processing one-to-one association property references

2012-08-20 17:28:40,769 [19] NHibernate.Cfg.Configuration.SecondPassCompile(:0) - processing foreign key constraints

2012-08-20 17:28:40,770 [19] NHibernate.Cfg.Configuration.SecondPassCompile(:0) - processing filters (second pass)

2012-08-20 17:28:40,778 [19] NHibernate.Cfg.Configuration.SecondPassCompile(:0) - checking mappings queue

2012-08-20 17:28:40,778 [19] NHibernate.Cfg.Configuration.SecondPassCompile(:0) - processing one-to-many association mappings

2012-08-20 17:28:40,779 [19] NHibernate.Cfg.Configuration.SecondPassCompile(:0) - processing one-to-one association property references

2012-08-20 17:28:40,779 [19] NHibernate.Cfg.Configuration.SecondPassCompile(:0) - processing foreign key constraints

2012-08-20 17:28:40,779 [19] NHibernate.Cfg.Configuration.SecondPassCompile(:0) - processing filters (second pass)

